TN:
SF:services/auth-service/src/index.ts
FN:22,(anonymous_1)
FN:47,(anonymous_2)
FN:54,(anonymous_3)
FN:64,startServer
FN:77,(anonymous_5)
FNF:5
FNH:0
FNDA:0,(anonymous_1)
FNDA:0,(anonymous_2)
FNDA:0,(anonymous_3)
FNDA:0,startServer
FNDA:0,(anonymous_5)
DA:1,0
DA:2,0
DA:3,0
DA:4,0
DA:5,0
DA:6,0
DA:7,0
DA:10,0
DA:12,0
DA:13,0
DA:16,0
DA:17,0
DA:18,0
DA:19,0
DA:22,0
DA:23,0
DA:24,0
DA:25,0
DA:26,0
DA:34,0
DA:44,0
DA:47,0
DA:48,0
DA:54,0
DA:55,0
DA:56,0
DA:65,0
DA:67,0
DA:68,0
DA:69,0
DA:72,0
DA:73,0
DA:74,0
DA:77,0
DA:78,0
DA:79,0
DA:80,0
DA:83,0
DA:84,0
DA:88,0
LF:40
LH:0
BRDA:13,0,0,0
BRDA:13,0,1,0
BRDA:38,1,0,0
BRDA:38,1,1,0
BRF:4
BRH:0
end_of_record
TN:
SF:services/auth-service/src/controllers/authController.ts
FN:22,register
FN:213,login
FN:298,getCurrentUser
FN:340,refreshAccessToken
FN:431,logout
FN:479,verifyEmail
FN:543,changePassword
FN:625,changeEmail
FN:720,deleteAccount
FNF:9
FNH:6
FNDA:10,register
FNDA:4,login
FNDA:1,getCurrentUser
FNDA:5,refreshAccessToken
FNDA:3,logout
FNDA:4,verifyEmail
FNDA:0,changePassword
FNDA:0,changeEmail
FNDA:0,deleteAccount
DA:2,1
DA:3,1
DA:22,1
DA:23,10
DA:40,10
DA:43,10
DA:44,1
DA:49,1
DA:53,9
DA:54,1
DA:59,1
DA:63,8
DA:64,1
DA:67,1
DA:71,7
DA:72,1
DA:78,1
DA:82,6
DA:83,6
DA:84,1
DA:87,1
DA:91,5
DA:96,5
DA:97,2
DA:100,2
DA:104,3
DA:107,3
DA:124,3
DA:127,3
DA:128,2
DA:145,3
DA:147,1
DA:154,1
DA:157,1
DA:165,3
DA:172,3
DA:173,3
DA:176,3
DA:177,3
DA:180,3
DA:186,3
DA:202,0
DA:203,0
DA:213,1
DA:214,4
DA:215,4
DA:218,4
DA:219,1
DA:222,1
DA:226,3
DA:231,3
DA:232,1
DA:235,1
DA:238,2
DA:241,2
DA:243,2
DA:244,1
DA:247,1
DA:251,1
DA:258,1
DA:259,1
DA:262,1
DA:263,1
DA:266,1
DA:272,1
DA:287,0
DA:288,0
DA:298,1
DA:299,1
DA:301,1
DA:303,1
DA:308,1
DA:309,0
DA:312,0
DA:315,1
DA:317,1
DA:329,0
DA:330,0
DA:340,1
DA:341,5
DA:342,5
DA:344,5
DA:345,1
DA:348,1
DA:352,4
DA:361,4
DA:362,1
DA:365,1
DA:368,3
DA:371,3
DA:372,1
DA:375,1
DA:379,2
DA:380,1
DA:383,1
DA:387,1
DA:394,1
DA:395,1
DA:396,1
DA:397,1
DA:400,1
DA:407,1
DA:413,1
DA:420,0
DA:421,0
DA:431,1
DA:432,3
DA:433,3
DA:435,3
DA:436,1
DA:439,1
DA:443,2
DA:451,2
DA:454,1
DA:459,1
DA:462,1
DA:468,0
DA:469,0
DA:479,1
DA:480,4
DA:481,4
DA:483,4
DA:484,1
DA:487,1
DA:491,3
DA:498,3
DA:499,1
DA:502,1
DA:505,2
DA:508,2
DA:509,1
DA:512,1
DA:516,1
DA:525,1
DA:532,0
DA:533,0
DA:543,1
DA:544,0
DA:545,0
DA:546,0
DA:549,0
DA:550,0
DA:553,0
DA:557,0
DA:558,0
DA:564,0
DA:568,0
DA:573,0
DA:574,0
DA:577,0
DA:581,0
DA:586,0
DA:587,0
DA:590,0
DA:594,0
DA:597,0
DA:603,0
DA:608,0
DA:614,0
DA:615,0
DA:625,1
DA:626,0
DA:627,0
DA:628,0
DA:631,0
DA:632,0
DA:635,0
DA:639,0
DA:640,0
DA:643,0
DA:647,0
DA:652,0
DA:653,0
DA:656,0
DA:659,0
DA:662,0
DA:663,0
DA:666,0
DA:670,0
DA:672,0
DA:673,0
DA:676,0
DA:680,0
DA:685,0
DA:686,0
DA:689,0
DA:693,0
DA:702,0
DA:709,0
DA:710,0
DA:720,1
DA:721,0
DA:722,0
DA:723,0
DA:726,0
DA:727,0
DA:730,0
DA:734,0
DA:739,0
DA:740,0
DA:743,0
DA:746,0
DA:749,0
DA:751,0
DA:752,0
DA:755,0
DA:760,0
DA:762,0
DA:768,0
DA:769,0
LF:210
LH:125
BRDA:43,0,0,1
BRDA:43,1,0,10
BRDA:43,1,1,10
BRDA:43,1,2,9
BRDA:43,1,3,9
BRDA:43,1,4,9
BRDA:53,2,0,1
BRDA:53,3,0,9
BRDA:53,3,1,2
BRDA:63,4,0,1
BRDA:71,5,0,1
BRDA:83,6,0,1
BRDA:96,7,0,2
BRDA:116,8,0,3
BRDA:116,8,1,2
BRDA:117,9,0,3
BRDA:117,9,1,3
BRDA:118,10,0,3
BRDA:118,10,1,3
BRDA:127,11,0,2
BRDA:137,12,0,2
BRDA:137,12,1,1
BRDA:138,13,0,2
BRDA:138,13,1,2
BRDA:139,14,0,2
BRDA:139,14,1,1
BRDA:145,15,0,1
BRDA:176,16,0,3
BRDA:176,16,1,3
BRDA:177,17,0,3
BRDA:177,17,1,0
BRDA:177,17,2,0
BRDA:218,18,0,1
BRDA:218,19,0,4
BRDA:218,19,1,4
BRDA:231,20,0,1
BRDA:243,21,0,1
BRDA:262,22,0,1
BRDA:262,22,1,1
BRDA:263,23,0,1
BRDA:263,23,1,0
BRDA:263,23,2,0
BRDA:308,24,0,0
BRDA:344,25,0,1
BRDA:361,26,0,1
BRDA:371,27,0,1
BRDA:379,28,0,1
BRDA:396,29,0,1
BRDA:396,29,1,1
BRDA:397,30,0,1
BRDA:397,30,1,0
BRDA:397,30,2,0
BRDA:435,31,0,1
BRDA:451,32,0,1
BRDA:483,33,0,1
BRDA:498,34,0,1
BRDA:508,35,0,1
BRDA:549,36,0,0
BRDA:549,37,0,0
BRDA:549,37,1,0
BRDA:557,38,0,0
BRDA:573,39,0,0
BRDA:586,40,0,0
BRDA:631,41,0,0
BRDA:631,42,0,0
BRDA:631,42,1,0
BRDA:639,43,0,0
BRDA:652,44,0,0
BRDA:662,45,0,0
BRDA:672,46,0,0
BRDA:685,47,0,0
BRDA:726,48,0,0
BRDA:739,49,0,0
BRDA:751,50,0,0
BRF:74
BRH:50
end_of_record
TN:
SF:services/auth-service/src/middleware/authMiddleware.ts
FN:7,authenticate
FN:44,requireRole
FN:45,(anonymous_2)
FNF:3
FNH:1
FNDA:3,authenticate
FNDA:0,requireRole
FNDA:0,(anonymous_2)
DA:2,1
DA:7,1
DA:8,3
DA:9,3
DA:11,3
DA:12,1
DA:15,1
DA:18,2
DA:20,2
DA:21,2
DA:24,1
DA:26,1
DA:28,1
DA:31,1
DA:34,0
DA:35,0
DA:44,1
DA:45,0
DA:46,0
DA:48,0
DA:49,0
DA:52,0
DA:55,0
DA:56,0
DA:59,0
DA:62,0
LF:26
LH:15
BRDA:11,0,0,1
BRDA:11,1,0,3
BRDA:11,1,1,2
BRDA:48,2,0,0
BRDA:55,3,0,0
BRF:5
BRH:3
end_of_record
TN:
SF:services/auth-service/src/routes/authRoutes.ts
FNF:0
FNH:0
DA:1,1
DA:2,1
DA:13,1
DA:15,1
DA:22,1
DA:29,1
DA:36,1
DA:43,1
DA:50,1
DA:57,1
DA:64,1
DA:71,1
DA:78,1
DA:80,1
LF:14
LH:14
BRF:0
BRH:0
end_of_record
TN:
SF:services/job-service/src/index.ts
FN:22,(anonymous_1)
FN:47,(anonymous_2)
FN:54,(anonymous_3)
FN:64,startServer
FN:77,(anonymous_5)
FNF:5
FNH:0
FNDA:0,(anonymous_1)
FNDA:0,(anonymous_2)
FNDA:0,(anonymous_3)
FNDA:0,startServer
FNDA:0,(anonymous_5)
DA:1,0
DA:2,0
DA:3,0
DA:4,0
DA:5,0
DA:6,0
DA:7,0
DA:10,0
DA:12,0
DA:13,0
DA:16,0
DA:17,0
DA:18,0
DA:19,0
DA:22,0
DA:23,0
DA:24,0
DA:25,0
DA:26,0
DA:34,0
DA:44,0
DA:47,0
DA:48,0
DA:54,0
DA:55,0
DA:56,0
DA:65,0
DA:67,0
DA:68,0
DA:69,0
DA:72,0
DA:73,0
DA:74,0
DA:77,0
DA:78,0
DA:79,0
DA:80,0
DA:83,0
DA:84,0
DA:88,0
LF:40
LH:0
BRDA:13,0,0,0
BRDA:13,0,1,0
BRDA:38,1,0,0
BRDA:38,1,1,0
BRF:4
BRH:0
end_of_record
TN:
SF:services/job-service/src/controllers/applicationController.ts
FN:8,applyToJob
FN:134,getMyApplications
FN:194,(anonymous_2)
FN:251,getApplicationById
FN:360,withdrawApplication
FNF:5
FNH:0
FNDA:0,applyToJob
FNDA:0,getMyApplications
FNDA:0,(anonymous_2)
FNDA:0,getApplicationById
FNDA:0,withdrawApplication
DA:2,0
DA:8,0
DA:9,0
DA:10,0
DA:11,0
DA:12,0
DA:15,0
DA:20,0
DA:21,0
DA:24,0
DA:28,0
DA:33,0
DA:34,0
DA:37,0
DA:40,0
DA:41,0
DA:44,0
DA:48,0
DA:53,0
DA:54,0
DA:57,0
DA:61,0
DA:65,0
DA:68,0
DA:75,0
DA:78,0
DA:79,0
DA:85,0
DA:86,0
DA:89,0
DA:95,0
DA:97,0
DA:107,0
DA:110,0
DA:123,0
DA:124,0
DA:134,0
DA:135,0
DA:136,0
DA:137,0
DA:138,0
DA:139,0
DA:140,0
DA:143,0
DA:144,0
DA:146,0
DA:147,0
DA:148,0
DA:152,0
DA:156,0
DA:159,0
DA:194,0
DA:226,0
DA:241,0
DA:242,0
DA:251,0
DA:252,0
DA:253,0
DA:254,0
DA:257,0
DA:297,0
DA:298,0
DA:301,0
DA:304,0
DA:306,0
DA:349,0
DA:350,0
DA:360,0
DA:361,0
DA:362,0
DA:363,0
DA:366,0
DA:371,0
DA:372,0
DA:375,0
DA:378,0
DA:381,0
DA:382,0
DA:388,0
DA:392,0
DA:399,0
DA:407,0
DA:408,0
LF:83
LH:0
BRDA:20,0,0,0
BRDA:20,1,0,0
BRDA:20,1,1,0
BRDA:33,2,0,0
BRDA:40,3,0,0
BRDA:53,4,0,0
BRDA:72,5,0,0
BRDA:72,5,1,0
BRDA:72,6,0,0
BRDA:72,6,1,0
BRDA:85,7,0,0
BRDA:95,8,0,0
BRDA:137,9,0,0
BRDA:137,9,1,0
BRDA:138,10,0,0
BRDA:138,10,1,0
BRDA:146,11,0,0
BRDA:222,12,0,0
BRDA:222,12,1,0
BRDA:297,13,0,0
BRDA:343,14,0,0
BRDA:343,14,1,0
BRDA:371,15,0,0
BRDA:381,16,0,0
BRF:24
BRH:0
end_of_record
TN:
SF:services/job-service/src/controllers/jobController.ts
FN:9,createJob
FN:122,getJobs
FN:205,(anonymous_2)
FN:250,getMyJobs
FN:294,(anonymous_4)
FN:341,getJobById
FN:422,updateJob
FN:496,(anonymous_7)
FN:535,deleteJob
FN:579,addJobSkill
FN:644,(anonymous_10)
FN:683,updateJobSkill
FN:736,(anonymous_12)
FN:764,deleteJobSkill
FN:807,(anonymous_14)
FNF:15
FNH:0
FNDA:0,createJob
FNDA:0,getJobs
FNDA:0,(anonymous_2)
FNDA:0,getMyJobs
FNDA:0,(anonymous_4)
FNDA:0,getJobById
FNDA:0,updateJob
FNDA:0,(anonymous_7)
FNDA:0,deleteJob
FNDA:0,addJobSkill
FNDA:0,(anonymous_10)
FNDA:0,updateJobSkill
FNDA:0,(anonymous_12)
FNDA:0,deleteJobSkill
FNDA:0,(anonymous_14)
DA:2,0
DA:3,0
DA:9,0
DA:10,0
DA:11,0
DA:12,0
DA:13,0
DA:16,0
DA:17,0
DA:20,0
DA:40,0
DA:43,0
DA:44,0
DA:47,0
DA:51,0
DA:56,0
DA:57,0
DA:60,0
DA:64,0
DA:84,0
DA:86,0
DA:111,0
DA:112,0
DA:122,0
DA:123,0
DA:135,0
DA:137,0
DA:138,0
DA:139,0
DA:140,0
DA:143,0
DA:144,0
DA:145,0
DA:148,0
DA:149,0
DA:150,0
DA:153,0
DA:154,0
DA:155,0
DA:158,0
DA:159,0
DA:160,0
DA:163,0
DA:164,0
DA:165,0
DA:168,0
DA:169,0
DA:170,0
DA:173,0
DA:174,0
DA:175,0
DA:178,0
DA:179,0
DA:180,0
DA:181,0
DA:184,0
DA:187,0
DA:191,0
DA:194,0
DA:205,0
DA:230,0
DA:239,0
DA:240,0
DA:250,0
DA:251,0
DA:252,0
DA:253,0
DA:259,0
DA:261,0
DA:262,0
DA:263,0
DA:264,0
DA:267,0
DA:268,0
DA:269,0
DA:272,0
DA:275,0
DA:279,0
DA:282,0
DA:294,0
DA:321,0
DA:330,0
DA:331,0
DA:341,0
DA:342,0
DA:343,0
DA:346,0
DA:367,0
DA:368,0
DA:371,0
DA:374,0
DA:377,0
DA:379,0
DA:411,0
DA:412,0
DA:422,0
DA:423,0
DA:424,0
DA:425,0
DA:426,0
DA:443,0
DA:446,0
DA:453,0
DA:454,0
DA:457,0
DA:461,0
DA:489,0
DA:492,0
DA:493,0
DA:494,0
DA:496,0
DA:497,0
DA:502,0
DA:524,0
DA:525,0
DA:535,0
DA:536,0
DA:537,0
DA:538,0
DA:539,0
DA:542,0
DA:549,0
DA:550,0
DA:553,0
DA:557,0
DA:562,0
DA:568,0
DA:569,0
DA:579,0
DA:580,0
DA:581,0
DA:582,0
DA:583,0
DA:584,0
DA:587,0
DA:588,0
DA:591,0
DA:595,0
DA:602,0
DA:603,0
DA:606,0
DA:610,0
DA:615,0
DA:616,0
DA:619,0
DA:624,0
DA:625,0
DA:632,0
DA:633,0
DA:636,0
DA:640,0
DA:641,0
DA:642,0
DA:644,0
DA:645,0
DA:650,0
DA:663,0
DA:666,0
DA:667,0
DA:670,0
DA:673,0
DA:683,0
DA:684,0
DA:685,0
DA:686,0
DA:687,0
DA:688,0
DA:691,0
DA:698,0
DA:699,0
DA:702,0
DA:707,0
DA:708,0
DA:718,0
DA:719,0
DA:722,0
DA:725,0
DA:728,0
DA:732,0
DA:733,0
DA:734,0
DA:736,0
DA:737,0
DA:742,0
DA:753,0
DA:754,0
DA:764,0
DA:765,0
DA:766,0
DA:767,0
DA:768,0
DA:771,0
DA:778,0
DA:779,0
DA:782,0
DA:786,0
DA:791,0
DA:792,0
DA:795,0
DA:799,0
DA:803,0
DA:804,0
DA:805,0
DA:807,0
DA:808,0
DA:813,0
DA:819,0
DA:820,0
LF:208
LH:0
BRDA:16,0,0,0
BRDA:43,1,0,0
BRDA:43,2,0,0
BRDA:43,2,1,0
BRDA:43,2,2,0
BRDA:56,3,0,0
BRDA:79,4,0,0
BRDA:79,4,1,0
BRDA:80,5,0,0
BRDA:80,5,1,0
BRDA:125,6,0,0
BRDA:126,7,0,0
BRDA:133,8,0,0
BRDA:143,9,0,0
BRDA:148,10,0,0
BRDA:153,11,0,0
BRDA:158,12,0,0
BRDA:163,13,0,0
BRDA:168,14,0,0
BRDA:173,15,0,0
BRDA:178,16,0,0
BRDA:184,17,0,0
BRDA:184,17,1,0
BRDA:256,18,0,0
BRDA:257,19,0,0
BRDA:267,20,0,0
BRDA:367,21,0,0
BRDA:404,22,0,0
BRDA:404,22,1,0
BRDA:453,23,0,0
BRDA:492,24,0,0
BRDA:494,25,0,0
BRDA:549,26,0,0
BRDA:587,27,0,0
BRDA:602,28,0,0
BRDA:615,29,0,0
BRDA:624,30,0,0
BRDA:624,30,1,0
BRDA:629,31,0,0
BRDA:629,31,1,0
BRDA:640,32,0,0
BRDA:640,33,0,0
BRDA:640,33,1,0
BRDA:642,34,0,0
BRDA:666,35,0,0
BRDA:698,36,0,0
BRDA:707,37,0,0
BRDA:707,37,1,0
BRDA:718,38,0,0
BRDA:732,39,0,0
BRDA:732,40,0,0
BRDA:732,40,1,0
BRDA:734,41,0,0
BRDA:778,42,0,0
BRDA:791,43,0,0
BRDA:803,44,0,0
BRDA:803,45,0,0
BRDA:803,45,1,0
BRDA:805,46,0,0
BRF:59
BRH:0
end_of_record
TN:
SF:services/job-service/src/middleware/authMiddleware.ts
FN:7,authenticate
FN:44,requireRole
FN:45,(anonymous_2)
FNF:3
FNH:0
FNDA:0,authenticate
FNDA:0,requireRole
FNDA:0,(anonymous_2)
DA:2,0
DA:7,0
DA:8,0
DA:9,0
DA:11,0
DA:12,0
DA:15,0
DA:18,0
DA:20,0
DA:21,0
DA:24,0
DA:26,0
DA:28,0
DA:31,0
DA:34,0
DA:35,0
DA:44,0
DA:45,0
DA:46,0
DA:48,0
DA:49,0
DA:52,0
DA:55,0
DA:56,0
DA:59,0
DA:62,0
LF:26
LH:0
BRDA:11,0,0,0
BRDA:11,1,0,0
BRDA:11,1,1,0
BRDA:48,2,0,0
BRDA:55,3,0,0
BRF:5
BRH:0
end_of_record
TN:
SF:services/job-service/src/routes/jobRoutes.ts
FNF:0
FNH:0
DA:1,0
DA:2,0
DA:13,0
DA:19,0
DA:21,0
DA:28,0
DA:35,0
DA:42,0
DA:49,0
DA:56,0
DA:63,0
DA:70,0
DA:77,0
DA:84,0
DA:91,0
DA:98,0
DA:105,0
DA:112,0
DA:114,0
LF:19
LH:0
BRF:0
BRH:0
end_of_record
TN:
SF:services/job-service/src/utils/matchingService.ts
FN:10,triggerMatchingCalculation
FNF:1
FNH:0
FNDA:0,triggerMatchingCalculation
DA:1,0
DA:3,0
DA:10,0
DA:11,0
DA:12,0
DA:14,0
DA:25,0
DA:29,0
DA:32,0
DA:33,0
DA:34,0
DA:35,0
DA:36,0
LF:13
LH:0
BRDA:3,0,0,0
BRDA:3,0,1,0
BRDA:29,1,0,0
BRDA:29,1,1,0
BRDA:32,2,0,0
BRDA:33,3,0,0
BRDA:33,3,1,0
BRDA:35,4,0,0
BRF:8
BRH:0
end_of_record
TN:
SF:services/matching-service/src/index.ts
FN:19,(anonymous_1)
FN:44,(anonymous_2)
FN:52,(anonymous_3)
FN:53,(anonymous_4)
FN:57,(anonymous_5)
FN:58,(anonymous_6)
FNF:6
FNH:0
FNDA:0,(anonymous_1)
FNDA:0,(anonymous_2)
FNDA:0,(anonymous_3)
FNDA:0,(anonymous_4)
FNDA:0,(anonymous_5)
FNDA:0,(anonymous_6)
DA:1,0
DA:2,0
DA:3,0
DA:4,0
DA:5,0
DA:6,0
DA:8,0
DA:10,0
DA:11,0
DA:14,0
DA:15,0
DA:16,0
DA:19,0
DA:20,0
DA:21,0
DA:22,0
DA:23,0
DA:31,0
DA:41,0
DA:44,0
DA:45,0
DA:46,0
DA:47,0
DA:51,0
DA:52,0
DA:53,0
DA:56,0
DA:57,0
DA:58,0
DA:60,0
LF:30
LH:0
BRDA:11,0,0,0
BRDA:11,0,1,0
BRDA:35,1,0,0
BRDA:35,1,1,0
BRF:4
BRH:0
end_of_record
TN:
SF:services/matching-service/src/controllers/matchingController.ts
FN:9,calculateJobMatches
FN:49,(anonymous_1)
FN:50,(anonymous_2)
FN:111,(anonymous_3)
FN:180,(anonymous_4)
FN:183,(anonymous_5)
FN:259,getJobCandidates
FN:331,(anonymous_7)
FN:386,getCandidateMatches
FN:421,(anonymous_9)
FN:467,updateMatchStatus
FN:526,contactCandidate
FN:580,browseJobsWithScores
FN:608,(anonymous_13)
FN:687,(anonymous_14)
FN:788,(anonymous_15)
FN:799,(anonymous_16)
FN:806,(anonymous_17)
FN:811,(anonymous_18)
FN:812,(anonymous_19)
FN:858,(anonymous_20)
FN:878,getApplicationDetails
FN:982,updateApplicationStatus
FN:1042,getCandidateResumeMetadata
FN:1119,downloadCandidateResume
FN:1187,getCandidateParsedResume
FNF:26
FNH:0
FNDA:0,calculateJobMatches
FNDA:0,(anonymous_1)
FNDA:0,(anonymous_2)
FNDA:0,(anonymous_3)
FNDA:0,(anonymous_4)
FNDA:0,(anonymous_5)
FNDA:0,getJobCandidates
FNDA:0,(anonymous_7)
FNDA:0,getCandidateMatches
FNDA:0,(anonymous_9)
FNDA:0,updateMatchStatus
FNDA:0,contactCandidate
FNDA:0,browseJobsWithScores
FNDA:0,(anonymous_13)
FNDA:0,(anonymous_14)
FNDA:0,(anonymous_15)
FNDA:0,(anonymous_16)
FNDA:0,(anonymous_17)
FNDA:0,(anonymous_18)
FNDA:0,(anonymous_19)
FNDA:0,(anonymous_20)
FNDA:0,getApplicationDetails
FNDA:0,updateApplicationStatus
FNDA:0,getCandidateResumeMetadata
FNDA:0,downloadCandidateResume
FNDA:0,getCandidateParsedResume
DA:2,0
DA:9,0
DA:10,0
DA:11,0
DA:12,0
DA:15,0
DA:23,0
DA:24,0
DA:27,0
DA:31,0
DA:39,0
DA:41,0
DA:42,0
DA:45,0
DA:49,0
DA:50,0
DA:52,0
DA:53,0
DA:56,0
DA:61,0
DA:95,0
DA:98,0
DA:100,0
DA:101,0
DA:104,0
DA:105,0
DA:106,0
DA:107,0
DA:109,0
DA:110,0
DA:111,0
DA:114,0
DA:116,0
DA:117,0
DA:118,0
DA:121,0
DA:122,0
DA:124,0
DA:125,0
DA:127,0
DA:136,0
DA:138,0
DA:139,0
DA:141,0
DA:142,0
DA:144,0
DA:157,0
DA:158,0
DA:160,0
DA:180,0
DA:183,0
DA:184,0
DA:188,0
DA:191,0
DA:194,0
DA:195,0
DA:208,0
DA:209,0
DA:215,0
DA:216,0
DA:219,0
DA:225,0
DA:227,0
DA:237,0
DA:241,0
DA:249,0
DA:250,0
DA:259,0
DA:260,0
DA:261,0
DA:262,0
DA:265,0
DA:273,0
DA:274,0
DA:277,0
DA:280,0
DA:284,0
DA:331,0
DA:367,0
DA:376,0
DA:377,0
DA:386,0
DA:387,0
DA:388,0
DA:391,0
DA:421,0
DA:450,0
DA:457,0
DA:458,0
DA:467,0
DA:468,0
DA:469,0
DA:470,0
DA:471,0
DA:474,0
DA:475,0
DA:476,0
DA:479,0
DA:483,0
DA:492,0
DA:493,0
DA:496,0
DA:500,0
DA:508,0
DA:516,0
DA:517,0
DA:526,0
DA:527,0
DA:528,0
DA:529,0
DA:532,0
DA:541,0
DA:542,0
DA:545,0
DA:549,0
DA:559,0
DA:568,0
DA:569,0
DA:580,0
DA:581,0
DA:582,0
DA:585,0
DA:593,0
DA:595,0
DA:596,0
DA:603,0
DA:607,0
DA:608,0
DA:609,0
DA:613,0
DA:649,0
DA:652,0
DA:684,0
DA:687,0
DA:688,0
DA:689,0
DA:690,0
DA:691,0
DA:692,0
DA:694,0
DA:695,0
DA:696,0
DA:697,0
DA:698,0
DA:700,0
DA:701,0
DA:702,0
DA:703,0
DA:708,0
DA:709,0
DA:710,0
DA:713,0
DA:725,0
DA:729,0
DA:733,0
DA:734,0
DA:735,0
DA:739,0
DA:742,0
DA:743,0
DA:744,0
DA:746,0
DA:753,0
DA:754,0
DA:759,0
DA:764,0
DA:766,0
DA:767,0
DA:768,0
DA:769,0
DA:771,0
DA:773,0
DA:774,0
DA:775,0
DA:776,0
DA:777,0
DA:779,0
DA:781,0
DA:782,0
DA:787,0
DA:788,0
DA:789,0
DA:790,0
DA:791,0
DA:794,0
DA:797,0
DA:798,0
DA:799,0
DA:800,0
DA:805,0
DA:806,0
DA:807,0
DA:808,0
DA:811,0
DA:812,0
DA:815,0
DA:816,0
DA:822,0
DA:823,0
DA:826,0
DA:828,0
DA:858,0
DA:860,0
DA:867,0
DA:868,0
DA:878,0
DA:879,0
DA:880,0
DA:881,0
DA:884,0
DA:921,0
DA:922,0
DA:925,0
DA:928,0
DA:931,0
DA:932,0
DA:938,0
DA:972,0
DA:973,0
DA:982,0
DA:983,0
DA:984,0
DA:985,0
DA:986,0
DA:989,0
DA:990,0
DA:991,0
DA:994,0
DA:998,0
DA:1007,0
DA:1008,0
DA:1011,0
DA:1015,0
DA:1023,0
DA:1031,0
DA:1032,0
DA:1042,0
DA:1043,0
DA:1044,0
DA:1045,0
DA:1048,0
DA:1053,0
DA:1054,0
DA:1057,0
DA:1060,0
DA:1063,0
DA:1079,0
DA:1080,0
DA:1083,0
DA:1086,0
DA:1088,0
DA:1108,0
DA:1109,0
DA:1119,0
DA:1120,0
DA:1121,0
DA:1122,0
DA:1125,0
DA:1130,0
DA:1131,0
DA:1134,0
DA:1137,0
DA:1140,0
DA:1153,0
DA:1154,0
DA:1157,0
DA:1160,0
DA:1163,0
DA:1171,0
DA:1172,0
DA:1173,0
DA:1174,0
DA:1176,0
DA:1177,0
DA:1187,0
DA:1188,0
DA:1189,0
DA:1190,0
DA:1193,0
DA:1198,0
DA:1199,0
DA:1202,0
DA:1205,0
DA:1208,0
DA:1223,0
DA:1224,0
DA:1227,0
DA:1230,0
DA:1232,0
DA:1244,0
DA:1245,0
LF:291
LH:0
BRDA:23,0,0,0
BRDA:41,1,0,0
BRDA:52,2,0,0
BRDA:114,3,0,0
BRDA:114,3,1,0
BRDA:116,4,0,0
BRDA:116,5,0,0
BRDA:116,5,1,0
BRDA:136,6,0,0
BRDA:157,7,0,0
BRDA:157,8,0,0
BRDA:157,8,1,0
BRDA:215,9,0,0
BRDA:225,10,0,0
BRDA:273,11,0,0
BRDA:359,12,0,0
BRDA:359,12,1,0
BRDA:475,13,0,0
BRDA:492,14,0,0
BRDA:541,15,0,0
BRDA:595,16,0,0
BRDA:684,17,0,0
BRDA:684,17,1,0
BRDA:695,18,0,0
BRDA:695,18,1,0
BRDA:700,19,0,0
BRDA:702,20,0,0
BRDA:702,21,0,0
BRDA:702,21,1,0
BRDA:708,22,0,0
BRDA:725,23,0,0
BRDA:725,23,1,0
BRDA:729,24,0,0
BRDA:729,24,1,0
BRDA:733,25,0,0
BRDA:742,26,0,0
BRDA:742,27,0,0
BRDA:742,27,1,0
BRDA:746,28,0,0
BRDA:746,28,1,0
BRDA:747,29,0,0
BRDA:747,29,1,0
BRDA:747,29,2,0
BRDA:747,29,3,0
BRDA:747,29,4,0
BRDA:747,29,5,0
BRDA:747,29,6,0
BRDA:747,29,7,0
BRDA:747,29,8,0
BRDA:747,29,9,0
BRDA:747,29,10,0
BRDA:747,29,11,0
BRDA:747,29,12,0
BRDA:754,30,0,0
BRDA:755,31,0,0
BRDA:755,31,1,0
BRDA:755,31,2,0
BRDA:755,31,3,0
BRDA:755,31,4,0
BRDA:755,31,5,0
BRDA:755,31,6,0
BRDA:764,32,0,0
BRDA:764,32,1,0
BRDA:766,33,0,0
BRDA:766,33,1,0
BRDA:766,34,0,0
BRDA:766,34,1,0
BRDA:768,35,0,0
BRDA:771,36,0,0
BRDA:771,37,0,0
BRDA:771,37,1,0
BRDA:771,37,2,0
BRDA:771,37,3,0
BRDA:773,38,0,0
BRDA:773,38,1,0
BRDA:773,39,0,0
BRDA:773,39,1,0
BRDA:775,40,0,0
BRDA:775,40,1,0
BRDA:776,41,0,0
BRDA:776,41,1,0
BRDA:781,42,0,0
BRDA:787,43,0,0
BRDA:787,44,0,0
BRDA:787,44,1,0
BRDA:787,44,2,0
BRDA:789,45,0,0
BRDA:789,45,1,0
BRDA:790,46,0,0
BRDA:790,46,1,0
BRDA:791,47,0,0
BRDA:791,47,1,0
BRDA:794,48,0,0
BRDA:794,48,1,0
BRDA:794,48,2,0
BRDA:797,49,0,0
BRDA:797,49,1,0
BRDA:799,50,0,0
BRDA:799,51,0,0
BRDA:799,51,1,0
BRDA:799,51,2,0
BRDA:805,52,0,0
BRDA:805,53,0,0
BRDA:805,53,1,0
BRDA:805,53,2,0
BRDA:807,54,0,0
BRDA:807,54,1,0
BRDA:808,55,0,0
BRDA:808,55,1,0
BRDA:815,56,0,0
BRDA:826,57,0,0
BRDA:826,57,1,0
BRDA:921,58,0,0
BRDA:931,59,0,0
BRDA:963,60,0,0
BRDA:963,60,1,0
BRDA:966,61,0,0
BRDA:966,61,1,0
BRDA:990,62,0,0
BRDA:1007,63,0,0
BRDA:1053,64,0,0
BRDA:1079,65,0,0
BRDA:1130,66,0,0
BRDA:1153,67,0,0
BRDA:1198,68,0,0
BRDA:1223,69,0,0
BRDA:1240,70,0,0
BRDA:1240,70,1,0
BRF:128
BRH:0
end_of_record
TN:
SF:services/matching-service/src/middleware/authMiddleware.ts
FN:7,authenticate
FN:47,requireRole
FN:48,(anonymous_2)
FNF:3
FNH:0
FNDA:0,authenticate
FNDA:0,requireRole
FNDA:0,(anonymous_2)
DA:2,0
DA:7,0
DA:8,0
DA:9,0
DA:11,0
DA:12,0
DA:15,0
DA:18,0
DA:20,0
DA:21,0
DA:24,0
DA:27,0
DA:28,0
DA:29,0
DA:31,0
DA:32,0
DA:35,0
DA:38,0
DA:47,0
DA:48,0
DA:49,0
DA:51,0
DA:52,0
DA:58,0
DA:61,0
LF:25
LH:0
BRDA:11,0,0,0
BRDA:20,1,0,0
BRDA:31,2,0,0
BRDA:51,3,0,0
BRDA:51,4,0,0
BRDA:51,4,1,0
BRF:6
BRH:0
end_of_record
TN:
SF:services/matching-service/src/routes/matchingRoutes.ts
FNF:0
FNH:0
DA:1,0
DA:2,0
DA:15,0
DA:17,0
DA:20,0
DA:27,0
DA:34,0
DA:41,0
DA:48,0
DA:55,0
DA:62,0
DA:69,0
DA:76,0
DA:83,0
DA:90,0
DA:97,0
DA:99,0
LF:17
LH:0
BRF:0
BRH:0
end_of_record
TN:
SF:services/profile-service/src/index.ts
FN:29,(anonymous_1)
FN:56,(anonymous_2)
FN:63,(anonymous_3)
FN:73,startServer
FN:86,(anonymous_5)
FNF:5
FNH:0
FNDA:0,(anonymous_1)
FNDA:0,(anonymous_2)
FNDA:0,(anonymous_3)
FNDA:0,startServer
FNDA:0,(anonymous_5)
DA:1,0
DA:2,0
DA:3,0
DA:4,0
DA:5,0
DA:6,0
DA:7,0
DA:8,0
DA:9,0
DA:10,0
DA:14,0
DA:15,0
DA:16,0
DA:17,0
DA:19,0
DA:20,0
DA:23,0
DA:24,0
DA:25,0
DA:26,0
DA:29,0
DA:30,0
DA:31,0
DA:32,0
DA:33,0
DA:41,0
DA:51,0
DA:52,0
DA:53,0
DA:56,0
DA:57,0
DA:63,0
DA:64,0
DA:65,0
DA:74,0
DA:76,0
DA:77,0
DA:78,0
DA:81,0
DA:82,0
DA:83,0
DA:86,0
DA:87,0
DA:88,0
DA:89,0
DA:92,0
DA:93,0
DA:97,0
LF:48
LH:0
BRDA:20,0,0,0
BRDA:20,0,1,0
BRDA:45,1,0,0
BRDA:45,1,1,0
BRF:4
BRH:0
end_of_record
TN:
SF:services/profile-service/src/controllers/companyController.ts
FN:9,createCompany
FN:125,getCompany
FN:174,getMyCompany
FN:228,updateCompany
FN:341,listCompanies
FN:396,(anonymous_5)
FNF:6
FNH:0
FNDA:0,createCompany
FNDA:0,getCompany
FNDA:0,getMyCompany
FNDA:0,updateCompany
FNDA:0,listCompanies
FNDA:0,(anonymous_5)
DA:2,0
DA:9,0
DA:10,0
DA:11,0
DA:12,0
DA:23,0
DA:26,0
DA:27,0
DA:30,0
DA:34,0
DA:35,0
DA:38,0
DA:42,0
DA:47,0
DA:48,0
DA:51,0
DA:55,0
DA:60,0
DA:61,0
DA:64,0
DA:68,0
DA:69,0
DA:70,0
DA:73,0
DA:77,0
DA:87,0
DA:90,0
DA:96,0
DA:114,0
DA:115,0
DA:125,0
DA:126,0
DA:127,0
DA:129,0
DA:134,0
DA:135,0
DA:138,0
DA:141,0
DA:143,0
DA:163,0
DA:164,0
DA:174,0
DA:175,0
DA:176,0
DA:179,0
DA:187,0
DA:188,0
DA:191,0
DA:194,0
DA:196,0
DA:217,0
DA:218,0
DA:228,0
DA:229,0
DA:230,0
DA:240,0
DA:243,0
DA:251,0
DA:252,0
DA:255,0
DA:258,0
DA:261,0
DA:262,0
DA:265,0
DA:269,0
DA:270,0
DA:275,0
DA:276,0
DA:279,0
DA:284,0
DA:285,0
DA:286,0
DA:289,0
DA:293,0
DA:309,0
DA:311,0
DA:330,0
DA:331,0
DA:341,0
DA:342,0
DA:349,0
DA:351,0
DA:354,0
DA:355,0
DA:356,0
DA:358,0
DA:359,0
DA:360,0
DA:361,0
DA:364,0
DA:365,0
DA:366,0
DA:367,0
DA:370,0
DA:371,0
DA:372,0
DA:373,0
DA:376,0
DA:381,0
DA:385,0
DA:388,0
DA:389,0
DA:396,0
DA:413,0
DA:425,0
DA:426,0
LF:106
LH:0
BRDA:26,0,0,0
BRDA:34,1,0,0
BRDA:47,2,0,0
BRDA:60,3,0,0
BRDA:69,4,0,0
BRDA:69,5,0,0
BRDA:69,5,1,0
BRDA:134,6,0,0
BRDA:187,7,0,0
BRDA:251,8,0,0
BRDA:261,9,0,0
BRDA:261,10,0,0
BRDA:261,10,1,0
BRDA:269,11,0,0
BRDA:275,12,0,0
BRDA:285,13,0,0
BRDA:285,14,0,0
BRDA:285,14,1,0
BRDA:344,15,0,0
BRDA:345,16,0,0
BRDA:358,17,0,0
BRDA:364,18,0,0
BRDA:370,19,0,0
BRDA:376,20,0,0
BRDA:376,20,1,0
BRF:25
BRH:0
end_of_record
TN:
SF:services/profile-service/src/controllers/profileController.ts
FN:9,getCandidateProfile
FN:40,(anonymous_1)
FN:97,updateCandidateProfile
FN:225,addEducation
FN:285,updateEducation
FN:338,deleteEducation
FN:375,addWorkExperience
FN:436,updateWorkExperience
FN:491,deleteWorkExperience
FN:532,getCandidateSkills
FN:550,(anonymous_10)
FN:576,addCandidateSkill
FN:681,updateCandidateSkill
FN:759,deleteCandidateSkill
FN:798,addProfessionalLink
FN:868,updateProfessionalLink
FN:938,deleteProfessionalLink
FNF:17
FNH:0
FNDA:0,getCandidateProfile
FNDA:0,(anonymous_1)
FNDA:0,updateCandidateProfile
FNDA:0,addEducation
FNDA:0,updateEducation
FNDA:0,deleteEducation
FNDA:0,addWorkExperience
FNDA:0,updateWorkExperience
FNDA:0,deleteWorkExperience
FNDA:0,getCandidateSkills
FNDA:0,(anonymous_10)
FNDA:0,addCandidateSkill
FNDA:0,updateCandidateSkill
FNDA:0,deleteCandidateSkill
FNDA:0,addProfessionalLink
FNDA:0,updateProfessionalLink
FNDA:0,deleteProfessionalLink
DA:2,0
DA:3,0
DA:9,0
DA:10,0
DA:11,0
DA:14,0
DA:30,0
DA:31,0
DA:34,0
DA:37,0
DA:40,0
DA:50,0
DA:86,0
DA:87,0
DA:97,0
DA:98,0
DA:99,0
DA:119,0
DA:122,0
DA:123,0
DA:126,0
DA:130,0
DA:131,0
DA:134,0
DA:138,0
DA:140,0
DA:152,0
DA:186,0
DA:187,0
DA:190,0
DA:193,0
DA:195,0
DA:214,0
DA:215,0
DA:225,0
DA:226,0
DA:227,0
DA:228,0
DA:231,0
DA:232,0
DA:235,0
DA:239,0
DA:244,0
DA:245,0
DA:248,0
DA:251,0
DA:253,0
DA:260,0
DA:262,0
DA:274,0
DA:275,0
DA:285,0
DA:286,0
DA:287,0
DA:288,0
DA:289,0
DA:291,0
DA:306,0
DA:307,0
DA:310,0
DA:313,0
DA:315,0
DA:327,0
DA:328,0
DA:338,0
DA:339,0
DA:340,0
DA:341,0
DA:343,0
DA:353,0
DA:354,0
DA:357,0
DA:360,0
DA:364,0
DA:365,0
DA:375,0
DA:376,0
DA:377,0
DA:378,0
DA:381,0
DA:382,0
DA:385,0
DA:389,0
DA:394,0
DA:395,0
DA:398,0
DA:401,0
DA:403,0
DA:410,0
DA:412,0
DA:425,0
DA:426,0
DA:436,0
DA:437,0
DA:438,0
DA:439,0
DA:440,0
DA:442,0
DA:458,0
DA:459,0
DA:462,0
DA:465,0
DA:467,0
DA:480,0
DA:481,0
DA:491,0
DA:492,0
DA:493,0
DA:494,0
DA:496,0
DA:506,0
DA:507,0
DA:510,0
DA:513,0
DA:517,0
DA:518,0
DA:532,0
DA:533,0
DA:534,0
DA:537,0
DA:548,0
DA:550,0
DA:565,0
DA:566,0
DA:576,0
DA:577,0
DA:578,0
DA:579,0
DA:582,0
DA:583,0
DA:586,0
DA:589,0
DA:590,0
DA:593,0
DA:597,0
DA:598,0
DA:601,0
DA:605,0
DA:610,0
DA:611,0
DA:614,0
DA:618,0
DA:623,0
DA:624,0
DA:631,0
DA:635,0
DA:636,0
DA:639,0
DA:646,0
DA:648,0
DA:661,0
DA:664,0
DA:665,0
DA:668,0
DA:671,0
DA:681,0
DA:682,0
DA:683,0
DA:684,0
DA:685,0
DA:688,0
DA:689,0
DA:692,0
DA:695,0
DA:696,0
DA:699,0
DA:703,0
DA:708,0
DA:709,0
DA:712,0
DA:716,0
DA:717,0
DA:719,0
DA:727,0
DA:730,0
DA:735,0
DA:748,0
DA:749,0
DA:759,0
DA:760,0
DA:761,0
DA:762,0
DA:765,0
DA:770,0
DA:771,0
DA:774,0
DA:778,0
DA:783,0
DA:787,0
DA:788,0
DA:798,0
DA:799,0
DA:800,0
DA:801,0
DA:804,0
DA:805,0
DA:808,0
DA:812,0
DA:813,0
DA:814,0
DA:817,0
DA:821,0
DA:826,0
DA:827,0
DA:830,0
DA:833,0
DA:836,0
DA:843,0
DA:845,0
DA:857,0
DA:858,0
DA:868,0
DA:869,0
DA:870,0
DA:871,0
DA:872,0
DA:875,0
DA:883,0
DA:884,0
DA:887,0
DA:891,0
DA:892,0
DA:893,0
DA:894,0
DA:897,0
DA:902,0
DA:913,0
DA:915,0
DA:927,0
DA:928,0
DA:938,0
DA:939,0
DA:940,0
DA:941,0
DA:944,0
DA:954,0
DA:955,0
DA:958,0
DA:961,0
DA:965,0
DA:966,0
LF:241
LH:0
BRDA:30,0,0,0
BRDA:40,1,0,0
BRDA:40,1,1,0
BRDA:78,2,0,0
BRDA:78,2,1,0
BRDA:79,3,0,0
BRDA:79,3,1,0
BRDA:122,4,0,0
BRDA:122,5,0,0
BRDA:122,5,1,0
BRDA:130,6,0,0
BRDA:130,7,0,0
BRDA:130,7,1,0
BRDA:138,8,0,0
BRDA:138,9,0,0
BRDA:138,9,1,0
BRDA:138,9,2,0
BRDA:138,9,3,0
BRDA:186,10,0,0
BRDA:231,11,0,0
BRDA:231,12,0,0
BRDA:231,12,1,0
BRDA:231,12,2,0
BRDA:244,13,0,0
BRDA:306,14,0,0
BRDA:353,15,0,0
BRDA:381,16,0,0
BRDA:381,17,0,0
BRDA:381,17,1,0
BRDA:381,17,2,0
BRDA:394,18,0,0
BRDA:407,19,0,0
BRDA:407,19,1,0
BRDA:458,20,0,0
BRDA:506,21,0,0
BRDA:558,22,0,0
BRDA:558,22,1,0
BRDA:582,23,0,0
BRDA:589,24,0,0
BRDA:589,25,0,0
BRDA:589,25,1,0
BRDA:597,26,0,0
BRDA:597,27,0,0
BRDA:597,27,1,0
BRDA:610,28,0,0
BRDA:623,29,0,0
BRDA:655,30,0,0
BRDA:655,30,1,0
BRDA:664,31,0,0
BRDA:688,32,0,0
BRDA:688,33,0,0
BRDA:688,33,1,0
BRDA:695,34,0,0
BRDA:695,35,0,0
BRDA:695,35,1,0
BRDA:708,36,0,0
BRDA:742,37,0,0
BRDA:742,37,1,0
BRDA:770,38,0,0
BRDA:804,39,0,0
BRDA:804,40,0,0
BRDA:804,40,1,0
BRDA:813,41,0,0
BRDA:826,42,0,0
BRDA:840,43,0,0
BRDA:840,43,1,0
BRDA:840,44,0,0
BRDA:840,44,1,0
BRDA:883,45,0,0
BRDA:891,46,0,0
BRDA:893,47,0,0
BRDA:954,48,0,0
BRF:72
BRH:0
end_of_record
TN:
SF:services/profile-service/src/controllers/resumeController.ts
FN:9,uploadResume
FN:75,(anonymous_1)
FN:102,getCurrentResume
FN:162,downloadResume
FN:206,deleteResume
FN:249,getParsedData
FN:310,getSuggestions
FN:370,applySuggestion
FN:430,rejectSuggestion
FN:468,applyBasicInfoSuggestion
FN:489,applyEducationSuggestion
FN:520,applyWorkExperienceSuggestion
FN:552,applySkillsSuggestion
FNF:13
FNH:0
FNDA:0,uploadResume
FNDA:0,(anonymous_1)
FNDA:0,getCurrentResume
FNDA:0,downloadResume
FNDA:0,deleteResume
FNDA:0,getParsedData
FNDA:0,getSuggestions
FNDA:0,applySuggestion
FNDA:0,rejectSuggestion
FNDA:0,applyBasicInfoSuggestion
FNDA:0,applyEducationSuggestion
FNDA:0,applyWorkExperienceSuggestion
FNDA:0,applySkillsSuggestion
DA:2,0
DA:3,0
DA:9,0
DA:10,0
DA:11,0
DA:12,0
DA:14,0
DA:15,0
DA:22,0
DA:28,0
DA:29,0
DA:36,0
DA:37,0
DA:38,0
DA:46,0
DA:53,0
DA:72,0
DA:75,0
DA:76,0
DA:79,0
DA:89,0
DA:90,0
DA:102,0
DA:103,0
DA:104,0
DA:106,0
DA:126,0
DA:127,0
DA:133,0
DA:135,0
DA:149,0
DA:150,0
DA:162,0
DA:163,0
DA:164,0
DA:166,0
DA:175,0
DA:176,0
DA:182,0
DA:185,0
DA:186,0
DA:187,0
DA:190,0
DA:193,0
DA:194,0
DA:206,0
DA:207,0
DA:208,0
DA:209,0
DA:212,0
DA:218,0
DA:219,0
DA:226,0
DA:231,0
DA:236,0
DA:237,0
DA:249,0
DA:250,0
DA:251,0
DA:253,0
DA:273,0
DA:274,0
DA:280,0
DA:282,0
DA:297,0
DA:298,0
DA:310,0
DA:311,0
DA:312,0
DA:314,0
DA:331,0
DA:338,0
DA:339,0
DA:348,0
DA:351,0
DA:357,0
DA:358,0
DA:370,0
DA:371,0
DA:372,0
DA:373,0
DA:376,0
DA:384,0
DA:385,0
DA:391,0
DA:394,0
DA:395,0
DA:396,0
DA:397,0
DA:398,0
DA:399,0
DA:400,0
DA:401,0
DA:405,0
DA:412,0
DA:417,0
DA:418,0
DA:430,0
DA:431,0
DA:432,0
DA:433,0
DA:436,0
DA:444,0
DA:445,0
DA:451,0
DA:456,0
DA:457,0
DA:469,0
DA:470,0
DA:476,0
DA:477,0
DA:491,0
DA:496,0
DA:497,0
DA:500,0
DA:502,0
DA:522,0
DA:527,0
DA:528,0
DA:531,0
DA:533,0
DA:554,0
DA:559,0
DA:560,0
DA:563,0
LF:125
LH:0
BRDA:14,0,0,0
BRDA:28,1,0,0
BRDA:37,2,0,0
BRDA:126,3,0,0
BRDA:175,4,0,0
BRDA:218,5,0,0
BRDA:273,6,0,0
BRDA:384,7,0,0
BRDA:394,8,0,0
BRDA:394,8,1,0
BRDA:396,9,0,0
BRDA:396,9,1,0
BRDA:398,10,0,0
BRDA:398,10,1,0
BRDA:400,11,0,0
BRDA:444,12,0,0
BRDA:469,13,0,0
BRDA:469,13,1,0
BRDA:476,14,0,0
BRDA:496,15,0,0
BRDA:509,16,0,0
BRDA:509,16,1,0
BRDA:511,17,0,0
BRDA:511,17,1,0
BRDA:512,18,0,0
BRDA:512,18,1,0
BRDA:527,19,0,0
BRDA:541,20,0,0
BRDA:541,20,1,0
BRDA:542,21,0,0
BRDA:542,21,1,0
BRDA:543,22,0,0
BRDA:543,22,1,0
BRDA:544,23,0,0
BRDA:544,23,1,0
BRDA:559,24,0,0
BRF:36
BRH:0
end_of_record
TN:
SF:services/profile-service/src/middleware/authMiddleware.ts
FN:7,authenticate
FN:44,requireRole
FN:45,(anonymous_2)
FNF:3
FNH:0
FNDA:0,authenticate
FNDA:0,requireRole
FNDA:0,(anonymous_2)
DA:2,0
DA:7,0
DA:8,0
DA:9,0
DA:11,0
DA:12,0
DA:15,0
DA:18,0
DA:20,0
DA:21,0
DA:24,0
DA:26,0
DA:28,0
DA:31,0
DA:34,0
DA:35,0
DA:44,0
DA:45,0
DA:46,0
DA:48,0
DA:49,0
DA:52,0
DA:55,0
DA:56,0
DA:59,0
DA:62,0
LF:26
LH:0
BRDA:11,0,0,0
BRDA:11,1,0,0
BRDA:11,1,1,0
BRDA:48,2,0,0
BRDA:55,3,0,0
BRF:5
BRH:0
end_of_record
TN:
SF:services/profile-service/src/routes/companyRoutes.ts
FNF:0
FNH:0
DA:1,0
DA:2,0
DA:9,0
DA:11,0
DA:18,0
DA:25,0
DA:32,0
DA:39,0
DA:46,0
DA:48,0
LF:10
LH:0
BRF:0
BRH:0
end_of_record
TN:
SF:services/profile-service/src/routes/profileRoutes.ts
FNF:0
FNH:0
DA:1,0
DA:2,0
DA:19,0
DA:21,0
DA:24,0
DA:31,0
DA:38,0
DA:45,0
DA:52,0
DA:59,0
DA:66,0
DA:73,0
DA:80,0
DA:87,0
DA:94,0
DA:101,0
DA:108,0
DA:115,0
DA:122,0
DA:129,0
DA:131,0
LF:21
LH:0
BRF:0
BRH:0
end_of_record
TN:
SF:services/profile-service/src/routes/resumeRoutes.ts
FNF:0
FNH:0
DA:1,0
DA:2,0
DA:3,0
DA:4,0
DA:15,0
DA:18,0
DA:26,0
DA:33,0
DA:40,0
DA:47,0
DA:54,0
DA:61,0
DA:68,0
DA:75,0
DA:82,0
DA:84,0
LF:16
LH:0
BRF:0
BRH:0
end_of_record
TN:
SF:services/profile-service/src/services/resumeParser.ts
FN:11,getAnthropicClient
FN:88,parseResume
FN:167,extractTextFromPDF
FN:181,extractTextFromDOCX
FN:194,parseResumeWithClaude
FN:335,extractContactInfo
FN:382,extractSummary
FN:403,escapeRegex
FN:410,extractSkills
FN:452,extractEducation
FN:488,extractWorkExperience
FN:514,extractCertifications
FN:541,storeParsedData
FN:592,generateSuggestions
FN:639,generateBasicInfoSuggestions
FN:693,generateEducationSuggestions
FN:723,(anonymous_17)
FN:746,generateWorkExperienceSuggestions
FN:776,(anonymous_19)
FN:799,generateSkillsSuggestions
FN:813,(anonymous_21)
FN:837,normalizeDateForPostgres
FN:862,autoApplyParsedData
FN:980,(anonymous_24)
FN:1011,(anonymous_25)
FNF:25
FNH:0
FNDA:0,getAnthropicClient
FNDA:0,parseResume
FNDA:0,extractTextFromPDF
FNDA:0,extractTextFromDOCX
FNDA:0,parseResumeWithClaude
FNDA:0,extractContactInfo
FNDA:0,extractSummary
FNDA:0,escapeRegex
FNDA:0,extractSkills
FNDA:0,extractEducation
FNDA:0,extractWorkExperience
FNDA:0,extractCertifications
FNDA:0,storeParsedData
FNDA:0,generateSuggestions
FNDA:0,generateBasicInfoSuggestions
FNDA:0,generateEducationSuggestions
FNDA:0,(anonymous_17)
FNDA:0,generateWorkExperienceSuggestions
FNDA:0,(anonymous_19)
FNDA:0,generateSkillsSuggestions
FNDA:0,(anonymous_21)
FNDA:0,normalizeDateForPostgres
FNDA:0,autoApplyParsedData
FNDA:0,(anonymous_24)
FNDA:0,(anonymous_25)
DA:1,0
DA:2,0
DA:3,0
DA:6,0
DA:9,0
DA:12,0
DA:13,0
DA:14,0
DA:16,0
DA:19,0
DA:21,0
DA:88,0
DA:89,0
DA:91,0
DA:97,0
DA:104,0
DA:105,0
DA:108,0
DA:114,0
DA:115,0
DA:116,0
DA:117,0
DA:118,0
DA:119,0
DA:120,0
DA:121,0
DA:122,0
DA:124,0
DA:127,0
DA:130,0
DA:131,0
DA:134,0
DA:137,0
DA:140,0
DA:147,0
DA:150,0
DA:153,0
DA:160,0
DA:168,0
DA:170,0
DA:171,0
DA:173,0
DA:174,0
DA:182,0
DA:183,0
DA:184,0
DA:186,0
DA:187,0
DA:195,0
DA:196,0
DA:274,0
DA:275,0
DA:288,0
DA:289,0
DA:290,0
DA:293,0
DA:296,0
DA:298,0
DA:301,0
DA:304,0
DA:317,0
DA:318,0
DA:319,0
DA:320,0
DA:321,0
DA:322,0
DA:324,0
DA:327,0
DA:328,0
DA:336,0
DA:339,0
DA:340,0
DA:341,0
DA:345,0
DA:346,0
DA:347,0
DA:351,0
DA:352,0
DA:353,0
DA:357,0
DA:358,0
DA:359,0
DA:363,0
DA:364,0
DA:365,0
DA:369,0
DA:370,0
DA:371,0
DA:372,0
DA:373,0
DA:376,0
DA:384,0
DA:390,0
DA:391,0
DA:392,0
DA:393,0
DA:397,0
DA:404,0
DA:411,0
DA:412,0
DA:414,0
DA:416,0
DA:421,0
DA:422,0
DA:423,0
DA:425,0
DA:426,0
DA:428,0
DA:429,0
DA:436,0
DA:440,0
DA:443,0
DA:446,0
DA:453,0
DA:456,0
DA:461,0
DA:464,0
DA:466,0
DA:467,0
DA:468,0
DA:470,0
DA:472,0
DA:473,0
DA:482,0
DA:489,0
DA:494,0
DA:497,0
DA:498,0
DA:508,0
DA:515,0
DA:518,0
DA:523,0
DA:524,0
DA:525,0
DA:526,0
DA:527,0
DA:535,0
DA:546,0
DA:547,0
DA:582,0
DA:584,0
DA:585,0
DA:597,0
DA:598,0
DA:601,0
DA:607,0
DA:615,0
DA:618,0
DA:621,0
DA:624,0
DA:627,0
DA:629,0
DA:631,0
DA:645,0
DA:648,0
DA:649,0
DA:669,0
DA:670,0
DA:687,0
DA:699,0
DA:704,0
DA:705,0
DA:706,0
DA:709,0
DA:712,0
DA:717,0
DA:720,0
DA:722,0
DA:724,0
DA:728,0
DA:730,0
DA:740,0
DA:752,0
DA:757,0
DA:758,0
DA:759,0
DA:762,0
DA:765,0
DA:770,0
DA:773,0
DA:775,0
DA:777,0
DA:781,0
DA:783,0
DA:793,0
DA:805,0
DA:813,0
DA:816,0
DA:817,0
DA:819,0
DA:829,0
DA:838,0
DA:841,0
DA:842,0
DA:846,0
DA:847,0
DA:851,0
DA:852,0
DA:855,0
DA:856,0
DA:866,0
DA:868,0
DA:870,0
DA:875,0
DA:876,0
DA:877,0
DA:880,0
DA:881,0
DA:884,0
DA:885,0
DA:891,0
DA:895,0
DA:901,0
DA:902,0
DA:903,0
DA:905,0
DA:908,0
DA:914,0
DA:915,0
DA:920,0
DA:928,0
DA:929,0
DA:930,0
DA:931,0
DA:932,0
DA:933,0
DA:934,0
DA:940,0
DA:941,0
DA:942,0
DA:943,0
DA:944,0
DA:946,0
DA:950,0
DA:970,0
DA:973,0
DA:978,0
DA:979,0
DA:981,0
DA:985,0
DA:986,0
DA:999,0
DA:1004,0
DA:1009,0
DA:1010,0
DA:1012,0
DA:1016,0
DA:1017,0
DA:1031,0
DA:1036,0
DA:1038,0
DA:1043,0
DA:1044,0
DA:1047,0
DA:1054,0
DA:1058,0
DA:1061,0
LF:257
LH:0
BRDA:12,0,0,0
BRDA:13,1,0,0
BRDA:104,2,0,0
BRDA:114,3,0,0
BRDA:114,3,1,0
BRDA:117,4,0,0
BRDA:117,4,1,0
BRDA:120,5,0,0
BRDA:120,5,1,0
BRDA:289,6,0,0
BRDA:305,7,0,0
BRDA:305,7,1,0
BRDA:306,8,0,0
BRDA:306,8,1,0
BRDA:307,9,0,0
BRDA:307,9,1,0
BRDA:308,10,0,0
BRDA:308,10,1,0
BRDA:309,11,0,0
BRDA:309,11,1,0
BRDA:310,12,0,0
BRDA:310,12,1,0
BRDA:340,13,0,0
BRDA:346,14,0,0
BRDA:352,15,0,0
BRDA:358,16,0,0
BRDA:364,17,0,0
BRDA:364,18,0,0
BRDA:364,18,1,0
BRDA:364,18,2,0
BRDA:370,19,0,0
BRDA:392,20,0,0
BRDA:428,21,0,0
BRDA:470,22,0,0
BRDA:470,23,0,0
BRDA:470,23,1,0
BRDA:476,24,0,0
BRDA:476,24,1,0
BRDA:476,25,0,0
BRDA:476,25,1,0
BRDA:502,26,0,0
BRDA:502,26,1,0
BRDA:502,27,0,0
BRDA:502,27,1,0
BRDA:503,28,0,0
BRDA:503,28,1,0
BRDA:525,29,0,0
BRDA:615,30,0,0
BRDA:615,30,1,0
BRDA:648,31,0,0
BRDA:648,32,0,0
BRDA:648,32,1,0
BRDA:661,33,0,0
BRDA:661,33,1,0
BRDA:669,34,0,0
BRDA:669,35,0,0
BRDA:669,35,1,0
BRDA:704,36,0,0
BRDA:724,37,0,0
BRDA:724,37,1,0
BRDA:728,38,0,0
BRDA:757,39,0,0
BRDA:777,40,0,0
BRDA:777,40,1,0
BRDA:781,41,0,0
BRDA:817,42,0,0
BRDA:838,43,0,0
BRDA:841,44,0,0
BRDA:846,45,0,0
BRDA:851,46,0,0
BRDA:875,47,0,0
BRDA:884,48,0,0
BRDA:903,49,0,0
BRDA:905,50,0,0
BRDA:905,50,1,0
BRDA:914,51,0,0
BRDA:929,52,0,0
BRDA:929,53,0,0
BRDA:929,53,1,0
BRDA:931,54,0,0
BRDA:933,55,0,0
BRDA:933,55,1,0
BRDA:941,56,0,0
BRDA:941,56,1,0
BRDA:941,57,0,0
BRDA:941,57,1,0
BRDA:943,58,0,0
BRDA:943,58,1,0
BRDA:944,59,0,0
BRDA:965,60,0,0
BRDA:965,60,1,0
BRDA:966,61,0,0
BRDA:966,61,1,0
BRDA:981,62,0,0
BRDA:981,62,1,0
BRDA:985,63,0,0
BRDA:993,64,0,0
BRDA:993,64,1,0
BRDA:995,65,0,0
BRDA:995,65,1,0
BRDA:996,66,0,0
BRDA:996,66,1,0
BRDA:1012,67,0,0
BRDA:1012,67,1,0
BRDA:1016,68,0,0
BRDA:1027,69,0,0
BRDA:1027,69,1,0
BRDA:1028,70,0,0
BRDA:1028,70,1,0
BRDA:1043,71,0,0
BRF:110
BRH:0
end_of_record
TN:
SF:services/skill-service/src/index.ts
FN:19,(anonymous_1)
FN:44,(anonymous_2)
FNF:2
FNH:0
FNDA:0,(anonymous_1)
FNDA:0,(anonymous_2)
DA:1,0
DA:2,0
DA:3,0
DA:4,0
DA:5,0
DA:6,0
DA:8,0
DA:10,0
DA:11,0
DA:14,0
DA:15,0
DA:16,0
DA:19,0
DA:20,0
DA:21,0
DA:22,0
DA:23,0
DA:31,0
DA:41,0
DA:44,0
DA:45,0
DA:48,0
LF:22
LH:0
BRDA:11,0,0,0
BRDA:11,0,1,0
BRDA:35,1,0,0
BRDA:35,1,1,0
BRF:4
BRH:0
end_of_record
TN:
SF:services/skill-service/src/controllers/skillController.ts
FN:13,getSkills
FN:64,(anonymous_1)
FN:88,getSkillById
FN:121,getCategories
FN:129,(anonymous_4)
FNF:5
FNH:0
FNDA:0,getSkills
FNDA:0,(anonymous_1)
FNDA:0,getSkillById
FNDA:0,getCategories
FNDA:0,(anonymous_4)
DA:2,0
DA:13,0
DA:14,0
DA:15,0
DA:16,0
DA:17,0
DA:18,0
DA:19,0
DA:20,0
DA:23,0
DA:24,0
DA:25,0
DA:27,0
DA:28,0
DA:29,0
DA:32,0
DA:33,0
DA:34,0
DA:37,0
DA:38,0
DA:39,0
DA:42,0
DA:47,0
DA:51,0
DA:54,0
DA:63,0
DA:64,0
DA:80,0
DA:81,0
DA:88,0
DA:89,0
DA:90,0
DA:92,0
DA:97,0
DA:98,0
DA:99,0
DA:102,0
DA:104,0
DA:113,0
DA:114,0
DA:121,0
DA:122,0
DA:123,0
DA:128,0
DA:129,0
DA:132,0
DA:133,0
LF:47
LH:0
BRDA:15,0,0,0
BRDA:15,0,1,0
BRDA:16,1,0,0
BRDA:16,1,1,0
BRDA:27,2,0,0
BRDA:32,3,0,0
BRDA:37,4,0,0
BRDA:42,5,0,0
BRDA:42,5,1,0
BRDA:97,6,0,0
BRF:10
BRH:0
end_of_record
TN:
SF:services/skill-service/src/routes/skillRoutes.ts
FNF:0
FNH:0
DA:1,0
DA:2,0
DA:4,0
DA:7,0
DA:8,0
DA:9,0
DA:11,0
LF:7
LH:0
BRF:0
BRH:0
end_of_record
